name: typechecks
run_id: install_deps
env APPDATA: C:\Users\user\AppData\Roaming
env COMSPEC: C:\WINDOWS\system32\cmd.exe
env NUMBER_OF_PROCESSORS: 12
env PATHEXT: .COM;.EXE;.BAT;.CMD;.VBS;.VBE;.JS;.JSE;.WSF;.WSH;.MSC;.CPL
env PROCESSOR_ARCHITECTURE: AMD64
env PROGRAMDATA: C:\ProgramData
env PROGRAMFILES: C:\Program Files
env PROGRAMFILES(X86): C:\Program Files (x86)
env SSL_CERT_FILE: C:\Users\user\anaconda3\envs\myenv\Library\ssl\cacert.pem
env SYSTEMDRIVE: C:
env SYSTEMROOT: C:\WINDOWS
env TEMP: C:\Users\user\AppData\Local\Temp
env TMP: C:\Users\user\AppData\Local\Temp
env USERPROFILE: C:\Users\user
env LANG: en_US.UTF-8
env PATH: D:\Sentiment\sentiment_webapp\.tox\test_app\Scripts;C:\Users\user\anaconda3\envs\myenv;C:\Users\user\anaconda3\envs\myenv\Library\mingw-w64\bin;C:\Users\user\anaconda3\envs\myenv\Library\usr\bin;C:\Users\user\anaconda3\envs\myenv\Library\bin;C:\Users\user\anaconda3\envs\myenv\Scripts;C:\Users\user\anaconda3\envs\myenv\bin;C:\Users\user\anaconda3\condabin;C:\Program Files\NVIDIA GPU Computing Toolkit\CUDA\v12.4\bin;C:\Program Files\NVIDIA GPU Computing Toolkit\CUDA\v12.4\libnvvp;C:\Windows\system32;C:\Windows;C:\Windows\System32\Wbem;C:\Windows\System32\WindowsPowerShell\v1.0;C:\WINDOWS\system32;C:\WINDOWS;C:\WINDOWS\System32\Wbem;C:\WINDOWS\System32\WindowsPowerShell\v1.0;C:\WINDOWS\System32\OpenSSH;C:\Program Files\dotnet;C:\Program Files (x86)\NVIDIA Corporation\PhysX\Common;C:\Program Files\NVIDIA Corporation\NVIDIA NvDLISR;D:\Git\cmd;C:\Program Files\nodejs;C:\Program Files\Docker\Docker\resources\bin;C:\Program Files\NVIDIA Corporation\Nsight Compute 2024.1.1;C:\Users\user\AppData\Local\Programs\Python\Python310\Scripts;C:\Users\user\AppData\Local\Programs\Python\Python310;C:\Users\user\AppData\Local\Microsoft\WindowsApps;C:\Users\user\AppData\Local\Programs\Microsoft VS Code\bin;C:\Users\user\AppData\Roaming\npm;C:\msys64\mingw64\bin;C:\Users\user\AppData\Local\Programs\MiKTeX\miktex\bin\x64;C:\Users\user\AppData\Local\Pandoc
env PYTHONHASHSEED: 882
env PIP_DISABLE_PIP_VERSION_CHECK: 1
env PYTHONIOENCODING: utf-8
env TOX_ENV_NAME: typechecks
env TOX_WORK_DIR: D:\Sentiment\sentiment_webapp\.tox
env TOX_ENV_DIR: D:\Sentiment\sentiment_webapp\.tox\test_app
env VIRTUAL_ENV: D:\Sentiment\sentiment_webapp\.tox\test_app
env COLUMNS: 299
env LINES: 32
metadata pid: 14228
cwd: D:\Sentiment\sentiment_webapp
allow: D:\Sentiment\sentiment_webapp\.tox\test_app\Scripts\*
cmd: pip install -r test_requirements.txt
exit_code: 0
Collecting fastapi (from -r requirements.txt (line 1))
  Using cached fastapi-0.111.0-py3-none-any.whl.metadata (25 kB)
Collecting httpx (from -r requirements.txt (line 2))
  Using cached httpx-0.27.0-py3-none-any.whl.metadata (7.2 kB)
Collecting loguru<0.6.0,>=0.5.3 (from -r requirements.txt (line 3))
  Using cached loguru-0.5.3-py3-none-any.whl.metadata (21 kB)
Collecting pydantic<1.9.0,>=1.8.1 (from -r requirements.txt (line 4))
  Using cached pydantic-1.8.2-py3-none-any.whl.metadata (103 kB)
Collecting python-multipart<0.1.0,>=0.0.5 (from -r requirements.txt (line 5))
  Using cached python_multipart-0.0.9-py3-none-any.whl.metadata (2.5 kB)
Collecting pyyaml (from -r requirements.txt (line 6))
  Using cached PyYAML-6.0.1-cp310-cp310-win_amd64.whl.metadata (2.1 kB)
Collecting sentiment-analysis-package==0.11.0 (from -r requirements.txt (line 7))
  Using cached sentiment_analysis_package-0.11.0-py3-none-any.whl.metadata (246 bytes)
Collecting typing_extensions<3.8.0,>=3.7.4 (from -r requirements.txt (line 8))
  Using cached typing_extensions-3.7.4.3-py3-none-any.whl.metadata (2.0 kB)
Collecting uvicorn<0.12.0,>=0.11.3 (from -r requirements.txt (line 9))
  Using cached uvicorn-0.11.8-py3-none-any.whl.metadata (3.4 kB)
Collecting pytest<6.3.0,>=6.2.3 (from -r test_requirements.txt (line 4))
  Using cached pytest-6.2.5-py3-none-any.whl.metadata (7.5 kB)
Collecting requests<2.24.0,>=2.23.0 (from -r test_requirements.txt (line 5))
  Using cached requests-2.23.0-py2.py3-none-any.whl.metadata (6.8 kB)
Collecting black==20.8b1 (from -r test_requirements.txt (line 8))
  Using cached black-20.8b1-py3-none-any.whl
Collecting flake8<3.10.0,>=3.9.0 (from -r test_requirements.txt (line 9))
  Using cached flake8-3.9.2-py2.py3-none-any.whl.metadata (3.7 kB)
Collecting mypy==0.812 (from -r test_requirements.txt (line 10))
  Using cached mypy-0.812-py3-none-any.whl.metadata (1.5 kB)
Collecting isort==5.8.0 (from -r test_requirements.txt (line 11))
  Using cached isort-5.8.0-py3-none-any.whl.metadata (12 kB)
Collecting pandas (from sentiment-analysis-package==0.11.0->-r requirements.txt (line 7))
  Using cached pandas-2.2.2-cp310-cp310-win_amd64.whl.metadata (19 kB)
Collecting numpy (from sentiment-analysis-package==0.11.0->-r requirements.txt (line 7))
  Using cached numpy-1.26.4-cp310-cp310-win_amd64.whl.metadata (61 kB)
Collecting scikit-learn (from sentiment-analysis-package==0.11.0->-r requirements.txt (line 7))
  Using cached scikit_learn-1.5.0-cp310-cp310-win_amd64.whl.metadata (11 kB)
Collecting strictyaml (from sentiment-analysis-package==0.11.0->-r requirements.txt (line 7))
  Using cached strictyaml-1.7.3-py3-none-any.whl.metadata (11 kB)
Collecting joblib (from sentiment-analysis-package==0.11.0->-r requirements.txt (line 7))
  Using cached joblib-1.4.2-py3-none-any.whl.metadata (5.4 kB)
Collecting nltk (from sentiment-analysis-package==0.11.0->-r requirements.txt (line 7))
  Using cached nltk-3.8.1-py3-none-any.whl.metadata (2.8 kB)
Collecting click>=7.1.2 (from black==20.8b1->-r test_requirements.txt (line 8))
  Using cached click-8.1.7-py3-none-any.whl.metadata (3.0 kB)
Collecting appdirs (from black==20.8b1->-r test_requirements.txt (line 8))
  Using cached appdirs-1.4.4-py2.py3-none-any.whl.metadata (9.0 kB)
Collecting toml>=0.10.1 (from black==20.8b1->-r test_requirements.txt (line 8))
  Using cached toml-0.10.2-py2.py3-none-any.whl.metadata (7.1 kB)
Collecting typed-ast>=1.4.0 (from black==20.8b1->-r test_requirements.txt (line 8))
  Using cached typed_ast-1.5.5-cp310-cp310-win_amd64.whl.metadata (1.7 kB)
Collecting regex>=2020.1.8 (from black==20.8b1->-r test_requirements.txt (line 8))
  Using cached regex-2024.5.15-cp310-cp310-win_amd64.whl.metadata (41 kB)
Collecting pathspec<1,>=0.6 (from black==20.8b1->-r test_requirements.txt (line 8))
  Using cached pathspec-0.12.1-py3-none-any.whl.metadata (21 kB)
Collecting mypy-extensions>=0.4.3 (from black==20.8b1->-r test_requirements.txt (line 8))
  Using cached mypy_extensions-1.0.0-py3-none-any.whl.metadata (1.1 kB)
Collecting typed-ast>=1.4.0 (from black==20.8b1->-r test_requirements.txt (line 8))
  Using cached typed_ast-1.4.3-cp310-cp310-win_amd64.whl
Collecting mypy-extensions>=0.4.3 (from black==20.8b1->-r test_requirements.txt (line 8))
  Using cached mypy_extensions-0.4.4-py2.py3-none-any.whl
Collecting starlette<0.38.0,>=0.37.2 (from fastapi->-r requirements.txt (line 1))
  Using cached starlette-0.37.2-py3-none-any.whl.metadata (5.9 kB)
INFO: pip is looking at multiple versions of fastapi to determine which version is compatible with other requirements. This could take a while.
Collecting fastapi (from -r requirements.txt (line 1))
  Using cached fastapi-0.110.3-py3-none-any.whl.metadata (24 kB)
  Using cached fastapi-0.110.2-py3-none-any.whl.metadata (24 kB)
  Using cached fastapi-0.110.1-py3-none-any.whl.metadata (24 kB)
  Using cached fastapi-0.110.0-py3-none-any.whl.metadata (25 kB)
Collecting starlette<0.37.0,>=0.36.3 (from fastapi->-r requirements.txt (line 1))
  Using cached starlette-0.36.3-py3-none-any.whl.metadata (5.9 kB)
Collecting fastapi (from -r requirements.txt (line 1))
  Using cached fastapi-0.109.2-py3-none-any.whl.metadata (25 kB)
  Using cached fastapi-0.109.1-py3-none-any.whl.metadata (25 kB)
Collecting starlette<0.36.0,>=0.35.0 (from fastapi->-r requirements.txt (line 1))
  Using cached starlette-0.35.1-py3-none-any.whl.metadata (5.8 kB)
Collecting fastapi (from -r requirements.txt (line 1))
  Using cached fastapi-0.109.0-py3-none-any.whl.metadata (24 kB)
INFO: pip is still looking at multiple versions of fastapi to determine which version is compatible with other requirements. This could take a while.
  Using cached fastapi-0.108.0-py3-none-any.whl.metadata (24 kB)
Collecting starlette<0.33.0,>=0.29.0 (from fastapi->-r requirements.txt (line 1))
  Using cached starlette-0.32.0.post1-py3-none-any.whl.metadata (5.8 kB)
Collecting fastapi (from -r requirements.txt (line 1))
  Using cached fastapi-0.107.0-py3-none-any.whl.metadata (24 kB)
Collecting anyio<4.0.0,>=3.7.1 (from fastapi->-r requirements.txt (line 1))
  Using cached anyio-3.7.1-py3-none-any.whl.metadata (4.7 kB)
Collecting starlette<0.29.0,>=0.28.0 (from fastapi->-r requirements.txt (line 1))
  Using cached starlette-0.28.0-py3-none-any.whl.metadata (5.8 kB)
Collecting fastapi (from -r requirements.txt (line 1))
  Using cached fastapi-0.106.0-py3-none-any.whl.metadata (24 kB)
Collecting starlette<0.28.0,>=0.27.0 (from fastapi->-r requirements.txt (line 1))
  Using cached starlette-0.27.0-py3-none-any.whl.metadata (5.8 kB)
Collecting fastapi (from -r requirements.txt (line 1))
  Using cached fastapi-0.105.0-py3-none-any.whl.metadata (24 kB)
  Using cached fastapi-0.104.1-py3-none-any.whl.metadata (24 kB)
INFO: This is taking longer than usual. You might need to provide the dependency resolver with stricter constraints to reduce runtime. See https://pip.pypa.io/warnings/backtracking for guidance. If you want to abort this run, press Ctrl + C.
  Using cached fastapi-0.104.0-py3-none-any.whl.metadata (24 kB)
  Using cached fastapi-0.103.2-py3-none-any.whl.metadata (24 kB)
  Using cached fastapi-0.103.1-py3-none-any.whl.metadata (24 kB)
  Using cached fastapi-0.103.0-py3-none-any.whl.metadata (24 kB)
  Using cached fastapi-0.102.0-py3-none-any.whl.metadata (24 kB)
  Using cached fastapi-0.101.1-py3-none-any.whl.metadata (23 kB)
  Using cached fastapi-0.101.0-py3-none-any.whl.metadata (23 kB)
  Using cached fastapi-0.100.1-py3-none-any.whl.metadata (23 kB)
  Using cached fastapi-0.100.0-py3-none-any.whl.metadata (23 kB)
  Using cached fastapi-0.99.1-py3-none-any.whl.metadata (23 kB)
  Using cached fastapi-0.99.0-py3-none-any.whl.metadata (23 kB)
  Using cached fastapi-0.98.0-py3-none-any.whl.metadata (22 kB)
Collecting anyio (from httpx->-r requirements.txt (line 2))
  Using cached anyio-4.4.0-py3-none-any.whl.metadata (4.6 kB)
Collecting certifi (from httpx->-r requirements.txt (line 2))
  Using cached certifi-2024.2.2-py3-none-any.whl.metadata (2.2 kB)
Collecting httpcore==1.* (from httpx->-r requirements.txt (line 2))
  Using cached httpcore-1.0.5-py3-none-any.whl.metadata (20 kB)
Collecting idna (from httpx->-r requirements.txt (line 2))
  Using cached idna-3.7-py3-none-any.whl.metadata (9.9 kB)
Collecting sniffio (from httpx->-r requirements.txt (line 2))
  Using cached sniffio-1.3.1-py3-none-any.whl.metadata (3.9 kB)
Collecting h11<0.15,>=0.13 (from httpcore==1.*->httpx->-r requirements.txt (line 2))
  Using cached h11-0.14.0-py3-none-any.whl.metadata (8.2 kB)
Collecting colorama>=0.3.4 (from loguru<0.6.0,>=0.5.3->-r requirements.txt (line 3))
  Using cached colorama-0.4.6-py2.py3-none-any.whl.metadata (17 kB)
Collecting win32-setctime>=1.0.0 (from loguru<0.6.0,>=0.5.3->-r requirements.txt (line 3))
  Using cached win32_setctime-1.1.0-py3-none-any.whl.metadata (2.3 kB)
Collecting click>=7.1.2 (from black==20.8b1->-r test_requirements.txt (line 8))
  Using cached click-7.1.2-py2.py3-none-any.whl.metadata (2.9 kB)
INFO: pip is looking at multiple versions of uvicorn to determine which version is compatible with other requirements. This could take a while.
Collecting uvicorn<0.12.0,>=0.11.3 (from -r requirements.txt (line 9))
  Using cached uvicorn-0.11.7-py3-none-any.whl.metadata (3.4 kB)
  Using cached uvicorn-0.11.6-py3-none-any.whl.metadata (3.4 kB)
  Using cached uvicorn-0.11.5-py3-none-any.whl.metadata (3.4 kB)
  Using cached uvicorn-0.11.4-py3-none-any.whl.metadata (3.4 kB)
  Using cached uvicorn-0.11.3-py3-none-any.whl.metadata (3.4 kB)
Collecting httpcore==1.* (from httpx->-r requirements.txt (line 2))
  Using cached httpcore-1.0.4-py3-none-any.whl.metadata (20 kB)
INFO: pip is still looking at multiple versions of uvicorn to determine which version is compatible with other requirements. This could take a while.
  Using cached httpcore-1.0.3-py3-none-any.whl.metadata (20 kB)
INFO: This is taking longer than usual. You might need to provide the dependency resolver with stricter constraints to reduce runtime. See https://pip.pypa.io/warnings/backtracking for guidance. If you want to abort this run, press Ctrl + C.
  Using cached httpcore-1.0.2-py3-none-any.whl.metadata (20 kB)
  Using cached httpcore-1.0.1-py3-none-any.whl.metadata (20 kB)
  Using cached httpcore-1.0.0-py3-none-any.whl.metadata (20 kB)
Collecting httpx (from -r requirements.txt (line 2))
  Using cached httpx-0.26.0-py3-none-any.whl.metadata (7.6 kB)
Collecting h11<0.10,>=0.8 (from uvicorn<0.12.0,>=0.11.3->-r requirements.txt (line 9))
  Using cached h11-0.9.0-py2.py3-none-any.whl.metadata (8.1 kB)
Collecting websockets==8.* (from uvicorn<0.12.0,>=0.11.3->-r requirements.txt (line 9))
  Using cached websockets-8.1-cp310-cp310-win_amd64.whl
INFO: pip is looking at multiple versions of httpcore to determine which version is compatible with other requirements. This could take a while.
Collecting httpx (from -r requirements.txt (line 2))
  Using cached httpx-0.25.2-py3-none-any.whl.metadata (6.9 kB)
INFO: pip is still looking at multiple versions of httpcore to determine which version is compatible with other requirements. This could take a while.
  Using cached httpx-0.25.1-py3-none-any.whl.metadata (7.1 kB)
INFO: This is taking longer than usual. You might need to provide the dependency resolver with stricter constraints to reduce runtime. See https://pip.pypa.io/warnings/backtracking for guidance. If you want to abort this run, press Ctrl + C.
Collecting httpcore (from httpx->-r requirements.txt (line 2))
  Using cached httpcore-0.18.0-py3-none-any.whl.metadata (18 kB)
  Using cached httpcore-0.17.3-py3-none-any.whl.metadata (18 kB)
  Using cached httpcore-0.17.2-py3-none-any.whl.metadata (17 kB)
  Using cached httpcore-0.17.1-py3-none-any.whl.metadata (17 kB)
  Using cached httpcore-0.17.0-py3-none-any.whl.metadata (17 kB)
  Using cached httpcore-0.16.3-py3-none-any.whl.metadata (16 kB)
  Using cached httpcore-0.16.2-py3-none-any.whl.metadata (16 kB)
  Using cached httpcore-0.16.1-py3-none-any.whl.metadata (16 kB)
  Using cached httpcore-0.16.0-py3-none-any.whl.metadata (16 kB)
  Using cached httpcore-0.15.0-py3-none-any.whl.metadata (15 kB)
  Using cached httpcore-0.14.7-py3-none-any.whl.metadata (15 kB)
  Using cached httpcore-0.14.6-py3-none-any.whl.metadata (15 kB)
  Using cached httpcore-0.14.5-py3-none-any.whl.metadata (15 kB)
  Using cached httpcore-0.14.4-py3-none-any.whl.metadata (14 kB)
  Using cached httpcore-0.14.3-py3-none-any.whl.metadata (14 kB)
  Using cached httpcore-0.14.2-py3-none-any.whl.metadata (14 kB)
  Using cached httpcore-0.14.1-py3-none-any.whl.metadata (14 kB)
  Using cached httpcore-0.14.0-py3-none-any.whl.metadata (14 kB)
  Using cached httpcore-0.13.7-py3-none-any.whl.metadata (13 kB)
  Using cached httpcore-0.13.6-py3-none-any.whl.metadata (12 kB)
  Using cached httpcore-0.13.5-py3-none-any.whl.metadata (12 kB)
  Using cached httpcore-0.13.4-py3-none-any.whl.metadata (12 kB)
  Using cached httpcore-0.13.3-py3-none-any.whl.metadata (12 kB)
  Using cached httpcore-0.13.2-py3-none-any.whl.metadata (11 kB)
Collecting attrs>=19.2.0 (from pytest<6.3.0,>=6.2.3->-r test_requirements.txt (line 4))
  Using cached attrs-23.2.0-py3-none-any.whl.metadata (9.5 kB)
Collecting iniconfig (from pytest<6.3.0,>=6.2.3->-r test_requirements.txt (line 4))
  Using cached iniconfig-2.0.0-py3-none-any.whl.metadata (2.6 kB)
Collecting packaging (from pytest<6.3.0,>=6.2.3->-r test_requirements.txt (line 4))
  Using cached packaging-24.0-py3-none-any.whl.metadata (3.2 kB)
Collecting pluggy<2.0,>=0.12 (from pytest<6.3.0,>=6.2.3->-r test_requirements.txt (line 4))
  Using cached pluggy-1.5.0-py3-none-any.whl.metadata (4.8 kB)
Collecting py>=1.8.2 (from pytest<6.3.0,>=6.2.3->-r test_requirements.txt (line 4))
  Using cached py-1.11.0-py2.py3-none-any.whl.metadata (2.8 kB)
Collecting atomicwrites>=1.0 (from pytest<6.3.0,>=6.2.3->-r test_requirements.txt (line 4))
  Using cached atomicwrites-1.4.1-py2.py3-none-any.whl
Collecting chardet<4,>=3.0.2 (from requests<2.24.0,>=2.23.0->-r test_requirements.txt (line 5))
  Using cached chardet-3.0.4-py2.py3-none-any.whl.metadata (3.2 kB)
Collecting idna (from httpx->-r requirements.txt (line 2))
  Using cached idna-2.10-py2.py3-none-any.whl.metadata (9.1 kB)
Collecting urllib3!=1.25.0,!=1.25.1,<1.26,>=1.21.1 (from requests<2.24.0,>=2.23.0->-r test_requirements.txt (line 5))
  Using cached urllib3-1.25.11-py2.py3-none-any.whl.metadata (41 kB)
Collecting pyflakes<2.4.0,>=2.3.0 (from flake8<3.10.0,>=3.9.0->-r test_requirements.txt (line 9))
  Using cached pyflakes-2.3.1-py2.py3-none-any.whl.metadata (3.9 kB)
Collecting pycodestyle<2.8.0,>=2.7.0 (from flake8<3.10.0,>=3.9.0->-r test_requirements.txt (line 9))
  Using cached pycodestyle-2.7.0-py2.py3-none-any.whl.metadata (30 kB)
Collecting mccabe<0.7.0,>=0.6.0 (from flake8<3.10.0,>=3.9.0->-r test_requirements.txt (line 9))
  Using cached mccabe-0.6.1-py2.py3-none-any.whl.metadata (4.3 kB)
Collecting exceptiongroup>=1.0.2 (from anyio->httpx->-r requirements.txt (line 2))
  Using cached exceptiongroup-1.2.1-py3-none-any.whl.metadata (6.6 kB)
INFO: pip is looking at multiple versions of anyio to determine which version is compatible with other requirements. This could take a while.
Collecting anyio (from httpx->-r requirements.txt (line 2))
  Using cached anyio-4.3.0-py3-none-any.whl.metadata (4.6 kB)
  Using cached anyio-4.2.0-py3-none-any.whl.metadata (4.6 kB)
  Using cached anyio-4.1.0-py3-none-any.whl.metadata (4.5 kB)
Collecting tqdm (from nltk->sentiment-analysis-package==0.11.0->-r requirements.txt (line 7))
  Using cached tqdm-4.66.4-py3-none-any.whl.metadata (57 kB)
Collecting python-dateutil>=2.8.2 (from pandas->sentiment-analysis-package==0.11.0->-r requirements.txt (line 7))
  Using cached python_dateutil-2.9.0.post0-py2.py3-none-any.whl.metadata (8.4 kB)
Collecting pytz>=2020.1 (from pandas->sentiment-analysis-package==0.11.0->-r requirements.txt (line 7))
  Using cached pytz-2024.1-py2.py3-none-any.whl.metadata (22 kB)
Collecting tzdata>=2022.7 (from pandas->sentiment-analysis-package==0.11.0->-r requirements.txt (line 7))
  Using cached tzdata-2024.1-py2.py3-none-any.whl.metadata (1.4 kB)
Collecting scipy>=1.6.0 (from scikit-learn->sentiment-analysis-package==0.11.0->-r requirements.txt (line 7))
  Using cached scipy-1.13.1-cp310-cp310-win_amd64.whl.metadata (60 kB)
Collecting threadpoolctl>=3.1.0 (from scikit-learn->sentiment-analysis-package==0.11.0->-r requirements.txt (line 7))
  Using cached threadpoolctl-3.5.0-py3-none-any.whl.metadata (13 kB)
Collecting six>=1.5 (from python-dateutil>=2.8.2->pandas->sentiment-analysis-package==0.11.0->-r requirements.txt (line 7))
  Using cached six-1.16.0-py2.py3-none-any.whl.metadata (1.8 kB)
Using cached sentiment_analysis_package-0.11.0-py3-none-any.whl (6.7 MB)
Using cached mypy-0.812-py3-none-any.whl (2.5 MB)
Using cached isort-5.8.0-py3-none-any.whl (103 kB)
Using cached fastapi-0.98.0-py3-none-any.whl (56 kB)
Using cached uvicorn-0.11.8-py3-none-any.whl (43 kB)
Using cached click-7.1.2-py2.py3-none-any.whl (82 kB)
Using cached h11-0.9.0-py2.py3-none-any.whl (53 kB)
Using cached httpx-0.25.1-py3-none-any.whl (75 kB)
Using cached httpcore-0.13.2-py3-none-any.whl (56 kB)
Using cached sniffio-1.3.1-py3-none-any.whl (10 kB)
Using cached loguru-0.5.3-py3-none-any.whl (57 kB)
Using cached pydantic-1.8.2-py3-none-any.whl (126 kB)
Using cached python_multipart-0.0.9-py3-none-any.whl (22 kB)
Using cached PyYAML-6.0.1-cp310-cp310-win_amd64.whl (145 kB)
Using cached typing_extensions-3.7.4.3-py3-none-any.whl (22 kB)
Using cached pytest-6.2.5-py3-none-any.whl (280 kB)
Using cached requests-2.23.0-py2.py3-none-any.whl (58 kB)
Using cached flake8-3.9.2-py2.py3-none-any.whl (73 kB)
Using cached attrs-23.2.0-py3-none-any.whl (60 kB)
Using cached certifi-2024.2.2-py3-none-any.whl (163 kB)
Using cached chardet-3.0.4-py2.py3-none-any.whl (133 kB)
Using cached colorama-0.4.6-py2.py3-none-any.whl (25 kB)
Using cached idna-2.10-py2.py3-none-any.whl (58 kB)
Using cached mccabe-0.6.1-py2.py3-none-any.whl (8.6 kB)
Using cached pathspec-0.12.1-py3-none-any.whl (31 kB)
Using cached pluggy-1.5.0-py3-none-any.whl (20 kB)
Using cached py-1.11.0-py2.py3-none-any.whl (98 kB)
Using cached pycodestyle-2.7.0-py2.py3-none-any.whl (41 kB)
Using cached pyflakes-2.3.1-py2.py3-none-any.whl (68 kB)
Using cached regex-2024.5.15-cp310-cp310-win_amd64.whl (268 kB)
Using cached starlette-0.27.0-py3-none-any.whl (66 kB)
Using cached anyio-4.1.0-py3-none-any.whl (83 kB)
Using cached toml-0.10.2-py2.py3-none-any.whl (16 kB)
Using cached urllib3-1.25.11-py2.py3-none-any.whl (127 kB)
Using cached win32_setctime-1.1.0-py3-none-any.whl (3.6 kB)
Using cached appdirs-1.4.4-py2.py3-none-any.whl (9.6 kB)
Using cached iniconfig-2.0.0-py3-none-any.whl (5.9 kB)
Using cached joblib-1.4.2-py3-none-any.whl (301 kB)
Using cached nltk-3.8.1-py3-none-any.whl (1.5 MB)
Using cached numpy-1.26.4-cp310-cp310-win_amd64.whl (15.8 MB)
Using cached packaging-24.0-py3-none-any.whl (53 kB)
Using cached pandas-2.2.2-cp310-cp310-win_amd64.whl (11.6 MB)
Using cached scikit_learn-1.5.0-cp310-cp310-win_amd64.whl (11.0 MB)
Using cached strictyaml-1.7.3-py3-none-any.whl (123 kB)
Using cached exceptiongroup-1.2.1-py3-none-any.whl (16 kB)
Using cached python_dateutil-2.9.0.post0-py2.py3-none-any.whl (229 kB)
Using cached pytz-2024.1-py2.py3-none-any.whl (505 kB)
Using cached scipy-1.13.1-cp310-cp310-win_amd64.whl (46.2 MB)
Using cached threadpoolctl-3.5.0-py3-none-any.whl (18 kB)
Using cached tzdata-2024.1-py2.py3-none-any.whl (345 kB)
Using cached tqdm-4.66.4-py3-none-any.whl (78 kB)
Using cached six-1.16.0-py2.py3-none-any.whl (11 kB)
Installing collected packages: typing_extensions, typed-ast, pytz, mccabe, h11, chardet, appdirs, win32-setctime, websockets, urllib3, tzdata, toml, threadpoolctl, sniffio, six, regex, pyyaml, python-multipart, pyflakes, pydantic, pycodestyle, py, pluggy, pathspec, packaging, numpy, mypy-extensions, joblib, isort, iniconfig, idna, exceptiongroup, colorama, click, certifi, attrs, atomicwrites, uvicorn, tqdm, scipy, requests, python-dateutil, pytest, mypy, loguru, httpcore, flake8, black, anyio, strictyaml, starlette, scikit-learn, pandas, nltk, httpx, sentiment-analysis-package, fastapi
Successfully installed anyio-4.1.0 appdirs-1.4.4 atomicwrites-1.4.1 attrs-23.2.0 black-20.8b1 certifi-2024.2.2 chardet-3.0.4 click-7.1.2 colorama-0.4.6 exceptiongroup-1.2.1 fastapi-0.98.0 flake8-3.9.2 h11-0.9.0 httpcore-0.13.2 httpx-0.25.1 idna-2.10 iniconfig-2.0.0 isort-5.8.0 joblib-1.4.2 loguru-0.5.3 mccabe-0.6.1 mypy-0.812 mypy-extensions-0.4.4 nltk-3.8.1 numpy-1.26.4 packaging-24.0 pandas-2.2.2 pathspec-0.12.1 pluggy-1.5.0 py-1.11.0 pycodestyle-2.7.0 pydantic-1.8.2 pyflakes-2.3.1 pytest-6.2.5 python-dateutil-2.9.0.post0 python-multipart-0.0.9 pytz-2024.1 pyyaml-6.0.1 regex-2024.5.15 requests-2.23.0 scikit-learn-1.5.0 scipy-1.13.1 sentiment-analysis-package-0.11.0 six-1.16.0 sniffio-1.3.1 starlette-0.27.0 strictyaml-1.7.3 threadpoolctl-3.5.0 toml-0.10.2 tqdm-4.66.4 typed-ast-1.4.3 typing_extensions-3.7.4.3 tzdata-2024.1 urllib3-1.25.11 uvicorn-0.11.8 websockets-8.1 win32-setctime-1.1.0
